<?xml version="1.0" encoding="UTF-8"?>
<!-- Generated by org.testng.reporters.JUnitReportReporter -->
<testsuite hostname="DESKTOP-LOEDF30" failures="0" tests="2" name="junit_testng.Dependent" time="0.011" errors="0" timestamp="2024-08-29T16:51:46 EEST" skipped="0">
  <testcase classname="junit_testng.Dependent" name="login" time="0.005"/>
  <system-out/>
  <testcase classname="junit_testng.Dependent" name="sendEMail" time="0.006"/>
  <system-out/>
</testsuite> <!-- junit_testng.Dependent -->
