<?xml version="1.0" encoding="UTF-8"?>
<!-- Generated by org.testng.reporters.JUnitReportReporter -->
<testsuite hostname="DESKTOP-LOEDF30" failures="0" tests="3" name="junit_testng.TestNG" time="0.001" errors="0" timestamp="2024-08-29T16:51:46 EEST" skipped="1">
  <testcase classname="junit_testng.TestNG" name="test2" time="0.001"/>
  <system-out/>
  <testcase classname="junit_testng.TestNG" name="test3" time="0.000"/>
  <system-out/>
  <testcase classname="junit_testng.TestNG" name="test1">
    <skipped/>
  </testcase> <!-- test1 -->
  <system-out/>
</testsuite> <!-- junit_testng.TestNG -->
