<?xml version="1.0" encoding="UTF-8"?>
<!-- Generated by org.testng.reporters.JUnitReportReporter -->
<testsuite hostname="DESKTOP-LOEDF30" failures="0" tests="1" name="assertions.TC_001" time="2.357" errors="0" timestamp="2024-08-25T14:35:37 EEST" skipped="0">
  <testcase classname="assertions.TC_001" name="validateAttribute" time="2.357"/>
  <system-out/>
</testsuite> <!-- assertions.TC_001 -->
