<?xml version="1.0" encoding="UTF-8"?>
<!-- Generated by org.testng.reporters.JUnitReportReporter -->
<testsuite hostname="DESKTOP-LOEDF30" failures="0" tests="1" name="junit_testng.TestNG2" time="0.001" errors="0" timestamp="2024-08-29T16:51:46 EEST" skipped="0">
  <testcase classname="junit_testng.TestNG2" name="f" time="0.001"/>
  <system-out/>
</testsuite> <!-- junit_testng.TestNG2 -->
