<?xml version="1.0" encoding="UTF-8"?>
<testsuite name="Test"
           tests="2"
           failures="0"
           errors="0"
           skipped="0"
           time="0.001">
  <properties />
  
  
            <testcase name="test2" time="0.001" classname="junit_testng.TestNG" />
                <testcase name="test3" time="0.000" classname="junit_testng.TestNG" />
      
</testsuite>
